28-04-2021 00:11:28.319 [main] INFO  r.g.a.AprilMarketApplication.logStarting - Starting AprilMarketApplication using Java 11 on DESKTOP-D70GK55 with PID 8996 (D:\YandexDisk\Java\april-market\target\classes started by foden in D:\YandexDisk\Java\april-market)
28-04-2021 00:11:28.326 [main] INFO  r.g.a.AprilMarketApplication.logStartupProfileInfo - No active profile set, falling back to default profiles: default
28-04-2021 00:11:29.413 [main] INFO  o.s.b.w.e.tomcat.TomcatWebServer.initialize - Tomcat initialized with port(s): 8189 (http)
28-04-2021 00:11:29.417 [main] INFO  o.a.catalina.core.StandardService.log - Starting service [Tomcat]
28-04-2021 00:11:29.421 [main] INFO  o.a.catalina.core.StandardEngine.log - Starting Servlet engine: [Apache Tomcat/9.0.45]
28-04-2021 00:11:29.493 [main] INFO  o.a.c.c.C.[.[localhost].[/shop].log - Initializing Spring embedded WebApplicationContext
28-04-2021 00:11:29.494 [main] INFO  o.s.b.w.s.c.ServletWebServerApplicationContext.prepareWebApplicationContext - Root WebApplicationContext: initialization completed in 1112 ms
28-04-2021 00:11:29.580 [main] INFO  o.f.c.i.license.VersionPrinter.info - Flyway Community Edition 7.1.1 by Redgate
28-04-2021 00:11:29.583 [main] INFO  com.zaxxer.hikari.HikariDataSource.getConnection - HikariPool-1 - Starting...
28-04-2021 00:11:29.713 [main] INFO  com.zaxxer.hikari.HikariDataSource.getConnection - HikariPool-1 - Start completed.
28-04-2021 00:11:29.728 [main] INFO  o.f.c.i.database.base.DatabaseType.info - Database: jdbc:postgresql://localhost:5432/postgres (PostgreSQL 13.2)
28-04-2021 00:11:29.764 [main] INFO  o.f.core.internal.command.DbValidate.info - Successfully validated 3 migrations (execution time 00:00.022s)
28-04-2021 00:11:29.771 [main] INFO  o.f.core.internal.command.DbMigrate.info - Current version of schema "april-market": 2
28-04-2021 00:11:29.772 [main] INFO  o.f.core.internal.command.DbMigrate.info - Schema "april-market" is up to date. No migration necessary.
28-04-2021 00:11:29.812 [main] INFO  o.h.jpa.internal.util.LogHelper.logPersistenceUnitInformation - HHH000204: Processing PersistenceUnitInfo [name: default]
28-04-2021 00:11:29.841 [main] INFO  org.hibernate.Version.logVersion - HHH000412: Hibernate ORM core version 5.4.30.Final
28-04-2021 00:11:29.908 [main] INFO  o.h.annotations.common.Version.<clinit> - HCANN000001: Hibernate Commons Annotations {5.1.2.Final}
28-04-2021 00:11:29.981 [main] INFO  org.hibernate.dialect.Dialect.<init> - HHH000400: Using dialect: org.hibernate.dialect.PostgreSQL94Dialect
28-04-2021 00:11:30.512 [main] INFO  o.h.e.t.j.p.i.JtaPlatformInitiator.initiateService - HHH000490: Using JtaPlatform implementation: [org.hibernate.engine.transaction.jta.platform.internal.NoJtaPlatform]
28-04-2021 00:11:30.517 [main] INFO  o.s.o.j.LocalContainerEntityManagerFactoryBean.buildNativeEntityManagerFactory - Initialized JPA EntityManagerFactory for persistence unit 'default'
28-04-2021 00:11:30.755 [main] WARN  o.s.b.a.o.j.JpaBaseConfiguration$JpaWebConfiguration.openEntityManagerInViewInterceptor - spring.jpa.open-in-view is enabled by default. Therefore, database queries may be performed during view rendering. Explicitly configure spring.jpa.open-in-view to disable this warning
28-04-2021 00:11:30.804 [main] WARN  o.s.b.w.s.c.AnnotationConfigServletWebServerApplicationContext.refresh - Exception encountered during context initialization - cancelling refresh attempt: org.springframework.beans.factory.UnsatisfiedDependencyException: Error creating bean with name 'cartController' defined in file [D:\YandexDisk\Java\april-market\target\classes\ru\geekbrains\aprilmarket\controllers\CartController.class]: Unsatisfied dependency expressed through constructor parameter 1; nested exception is org.springframework.beans.factory.NoSuchBeanDefinitionException: No qualifying bean of type 'ru.geekbrains.aprilmarket.entities.User' available: expected at least 1 bean which qualifies as autowire candidate. Dependency annotations: {}
28-04-2021 00:11:30.808 [main] INFO  o.s.o.j.LocalContainerEntityManagerFactoryBean.destroy - Closing JPA EntityManagerFactory for persistence unit 'default'
28-04-2021 00:11:30.809 [main] INFO  com.zaxxer.hikari.HikariDataSource.close - HikariPool-1 - Shutdown initiated...
28-04-2021 00:11:30.816 [main] INFO  com.zaxxer.hikari.HikariDataSource.close - HikariPool-1 - Shutdown completed.
28-04-2021 00:11:30.817 [main] INFO  o.a.catalina.core.StandardService.log - Stopping service [Tomcat]
28-04-2021 00:11:30.845 [main] INFO  o.s.b.a.l.ConditionEvaluationReportLoggingListener.logMessage - 

Error starting ApplicationContext. To display the conditions report re-run your application with 'debug' enabled.
28-04-2021 00:11:30.866 [main] ERROR o.s.b.d.LoggingFailureAnalysisReporter.report - 

***************************
APPLICATION FAILED TO START
***************************

Description:

Parameter 1 of constructor in ru.geekbrains.aprilmarket.controllers.CartController required a bean of type 'ru.geekbrains.aprilmarket.entities.User' that could not be found.


Action:

Consider defining a bean of type 'ru.geekbrains.aprilmarket.entities.User' in your configuration.

28-04-2021 00:13:08.641 [main] INFO  r.g.a.AprilMarketApplication.logStarting - Starting AprilMarketApplication using Java 11 on DESKTOP-D70GK55 with PID 8500 (D:\YandexDisk\Java\april-market\target\classes started by foden in D:\YandexDisk\Java\april-market)
28-04-2021 00:13:08.644 [main] INFO  r.g.a.AprilMarketApplication.logStartupProfileInfo - No active profile set, falling back to default profiles: default
28-04-2021 00:13:09.624 [main] INFO  o.s.b.w.e.tomcat.TomcatWebServer.initialize - Tomcat initialized with port(s): 8189 (http)
28-04-2021 00:13:09.630 [main] INFO  o.a.catalina.core.StandardService.log - Starting service [Tomcat]
28-04-2021 00:13:09.632 [main] INFO  o.a.catalina.core.StandardEngine.log - Starting Servlet engine: [Apache Tomcat/9.0.45]
28-04-2021 00:13:09.699 [main] INFO  o.a.c.c.C.[.[localhost].[/shop].log - Initializing Spring embedded WebApplicationContext
28-04-2021 00:13:09.703 [main] INFO  o.s.b.w.s.c.ServletWebServerApplicationContext.prepareWebApplicationContext - Root WebApplicationContext: initialization completed in 1014 ms
28-04-2021 00:13:09.785 [main] INFO  o.f.c.i.license.VersionPrinter.info - Flyway Community Edition 7.1.1 by Redgate
28-04-2021 00:13:09.789 [main] INFO  com.zaxxer.hikari.HikariDataSource.getConnection - HikariPool-1 - Starting...
28-04-2021 00:13:09.915 [main] INFO  com.zaxxer.hikari.HikariDataSource.getConnection - HikariPool-1 - Start completed.
28-04-2021 00:13:09.930 [main] INFO  o.f.c.i.database.base.DatabaseType.info - Database: jdbc:postgresql://localhost:5432/postgres (PostgreSQL 13.2)
28-04-2021 00:13:09.968 [main] INFO  o.f.core.internal.command.DbValidate.info - Successfully validated 3 migrations (execution time 00:00.024s)
28-04-2021 00:13:09.974 [main] INFO  o.f.core.internal.command.DbMigrate.info - Current version of schema "april-market": 2
28-04-2021 00:13:09.975 [main] INFO  o.f.core.internal.command.DbMigrate.info - Schema "april-market" is up to date. No migration necessary.
28-04-2021 00:13:10.016 [main] INFO  o.h.jpa.internal.util.LogHelper.logPersistenceUnitInformation - HHH000204: Processing PersistenceUnitInfo [name: default]
28-04-2021 00:13:10.044 [main] INFO  org.hibernate.Version.logVersion - HHH000412: Hibernate ORM core version 5.4.30.Final
28-04-2021 00:13:10.122 [main] INFO  o.h.annotations.common.Version.<clinit> - HCANN000001: Hibernate Commons Annotations {5.1.2.Final}
28-04-2021 00:13:10.201 [main] INFO  org.hibernate.dialect.Dialect.<init> - HHH000400: Using dialect: org.hibernate.dialect.PostgreSQL94Dialect
28-04-2021 00:13:10.982 [main] INFO  o.h.e.t.j.p.i.JtaPlatformInitiator.initiateService - HHH000490: Using JtaPlatform implementation: [org.hibernate.engine.transaction.jta.platform.internal.NoJtaPlatform]
28-04-2021 00:13:10.992 [main] INFO  o.s.o.j.LocalContainerEntityManagerFactoryBean.buildNativeEntityManagerFactory - Initialized JPA EntityManagerFactory for persistence unit 'default'
28-04-2021 00:13:11.367 [main] WARN  o.s.b.a.o.j.JpaBaseConfiguration$JpaWebConfiguration.openEntityManagerInViewInterceptor - spring.jpa.open-in-view is enabled by default. Therefore, database queries may be performed during view rendering. Explicitly configure spring.jpa.open-in-view to disable this warning
28-04-2021 00:13:11.444 [main] WARN  o.s.b.w.s.c.AnnotationConfigServletWebServerApplicationContext.refresh - Exception encountered during context initialization - cancelling refresh attempt: org.springframework.beans.factory.UnsatisfiedDependencyException: Error creating bean with name 'cartController' defined in file [D:\YandexDisk\Java\april-market\target\classes\ru\geekbrains\aprilmarket\controllers\CartController.class]: Unsatisfied dependency expressed through constructor parameter 1; nested exception is org.springframework.beans.factory.NoSuchBeanDefinitionException: No qualifying bean of type 'ru.geekbrains.aprilmarket.entities.User' available: expected at least 1 bean which qualifies as autowire candidate. Dependency annotations: {}
28-04-2021 00:13:11.446 [main] INFO  o.s.o.j.LocalContainerEntityManagerFactoryBean.destroy - Closing JPA EntityManagerFactory for persistence unit 'default'
28-04-2021 00:13:11.449 [main] INFO  com.zaxxer.hikari.HikariDataSource.close - HikariPool-1 - Shutdown initiated...
28-04-2021 00:13:11.458 [main] INFO  com.zaxxer.hikari.HikariDataSource.close - HikariPool-1 - Shutdown completed.
28-04-2021 00:13:11.461 [main] INFO  o.a.catalina.core.StandardService.log - Stopping service [Tomcat]
28-04-2021 00:13:11.475 [main] INFO  o.s.b.a.l.ConditionEvaluationReportLoggingListener.logMessage - 

Error starting ApplicationContext. To display the conditions report re-run your application with 'debug' enabled.
28-04-2021 00:13:11.515 [main] ERROR o.s.b.d.LoggingFailureAnalysisReporter.report - 

***************************
APPLICATION FAILED TO START
***************************

Description:

Parameter 1 of constructor in ru.geekbrains.aprilmarket.controllers.CartController required a bean of type 'ru.geekbrains.aprilmarket.entities.User' that could not be found.


Action:

Consider defining a bean of type 'ru.geekbrains.aprilmarket.entities.User' in your configuration.

